make --dry-run --always-make --keep-going --print-directory
make: Entering directory `/home/nadavash/Desktop/OSE/lab'
 
make: Leaving directory `/home/nadavash/Desktop/OSE/lab'
 
make: Entering directory `/home/nadavash/Desktop/OSE/lab'
echo "   -O1 -fno-builtin -I. -MD -fno-omit-frame-pointer -Wall -Wno-format -Wno-unused -Werror -gstabs -m32 -fno-tree-ch -fno-stack-protector -DJOS_KERNEL -gstabs" | cmp -s obj/.vars.KERN_CFLAGS || echo "   -O1 -fno-builtin -I. -MD -fno-omit-frame-pointer -Wall -Wno-format -Wno-unused -Werror -gstabs -m32 -fno-tree-ch -fno-stack-protector -DJOS_KERNEL -gstabs" > obj/.vars.KERN_CFLAGS
echo + as kern/entry.S
mkdir -p obj/kern
gcc -pipe -nostdinc    -O1 -fno-builtin -I. -MD -fno-omit-frame-pointer -Wall -Wno-format -Wno-unused -Werror -gstabs -m32 -fno-tree-ch -fno-stack-protector -DJOS_KERNEL -gstabs -c -o obj/kern/entry.o kern/entry.S
echo + cc kern/entrypgdir.c
mkdir -p obj/kern
gcc -pipe -nostdinc    -O1 -fno-builtin -I. -MD -fno-omit-frame-pointer -Wall -Wno-format -Wno-unused -Werror -gstabs -m32 -fno-tree-ch -fno-stack-protector -DJOS_KERNEL -gstabs -c -o obj/kern/entrypgdir.o kern/entrypgdir.c
echo "" | cmp -s obj/.vars.INIT_CFLAGS || echo "" > obj/.vars.INIT_CFLAGS
echo + cc kern/init.c
mkdir -p obj/kern
gcc -pipe -nostdinc    -O1 -fno-builtin -I. -MD -fno-omit-frame-pointer -Wall -Wno-format -Wno-unused -Werror -gstabs -m32 -fno-tree-ch -fno-stack-protector -DJOS_KERNEL -gstabs  -c -o obj/kern/init.o kern/init.c
echo + cc kern/console.c
mkdir -p obj/kern
gcc -pipe -nostdinc    -O1 -fno-builtin -I. -MD -fno-omit-frame-pointer -Wall -Wno-format -Wno-unused -Werror -gstabs -m32 -fno-tree-ch -fno-stack-protector -DJOS_KERNEL -gstabs -c -o obj/kern/console.o kern/console.c
echo + cc kern/monitor.c
mkdir -p obj/kern
gcc -pipe -nostdinc    -O1 -fno-builtin -I. -MD -fno-omit-frame-pointer -Wall -Wno-format -Wno-unused -Werror -gstabs -m32 -fno-tree-ch -fno-stack-protector -DJOS_KERNEL -gstabs -c -o obj/kern/monitor.o kern/monitor.c
echo + cc kern/pmap.c
mkdir -p obj/kern
gcc -pipe -nostdinc    -O1 -fno-builtin -I. -MD -fno-omit-frame-pointer -Wall -Wno-format -Wno-unused -Werror -gstabs -m32 -fno-tree-ch -fno-stack-protector -DJOS_KERNEL -gstabs -c -o obj/kern/pmap.o kern/pmap.c
echo + cc kern/env.c
mkdir -p obj/kern
gcc -pipe -nostdinc    -O1 -fno-builtin -I. -MD -fno-omit-frame-pointer -Wall -Wno-format -Wno-unused -Werror -gstabs -m32 -fno-tree-ch -fno-stack-protector -DJOS_KERNEL -gstabs -c -o obj/kern/env.o kern/env.c
echo + cc kern/kclock.c
mkdir -p obj/kern
gcc -pipe -nostdinc    -O1 -fno-builtin -I. -MD -fno-omit-frame-pointer -Wall -Wno-format -Wno-unused -Werror -gstabs -m32 -fno-tree-ch -fno-stack-protector -DJOS_KERNEL -gstabs -c -o obj/kern/kclock.o kern/kclock.c
echo + cc kern/picirq.c
mkdir -p obj/kern
gcc -pipe -nostdinc    -O1 -fno-builtin -I. -MD -fno-omit-frame-pointer -Wall -Wno-format -Wno-unused -Werror -gstabs -m32 -fno-tree-ch -fno-stack-protector -DJOS_KERNEL -gstabs -c -o obj/kern/picirq.o kern/picirq.c
echo + cc kern/printf.c
mkdir -p obj/kern
gcc -pipe -nostdinc    -O1 -fno-builtin -I. -MD -fno-omit-frame-pointer -Wall -Wno-format -Wno-unused -Werror -gstabs -m32 -fno-tree-ch -fno-stack-protector -DJOS_KERNEL -gstabs -c -o obj/kern/printf.o kern/printf.c
echo + cc kern/trap.c
mkdir -p obj/kern
gcc -pipe -nostdinc    -O1 -fno-builtin -I. -MD -fno-omit-frame-pointer -Wall -Wno-format -Wno-unused -Werror -gstabs -m32 -fno-tree-ch -fno-stack-protector -DJOS_KERNEL -gstabs -c -o obj/kern/trap.o kern/trap.c
echo + as kern/trapentry.S
mkdir -p obj/kern
gcc -pipe -nostdinc    -O1 -fno-builtin -I. -MD -fno-omit-frame-pointer -Wall -Wno-format -Wno-unused -Werror -gstabs -m32 -fno-tree-ch -fno-stack-protector -DJOS_KERNEL -gstabs -c -o obj/kern/trapentry.o kern/trapentry.S
echo + cc kern/sched.c
mkdir -p obj/kern
gcc -pipe -nostdinc    -O1 -fno-builtin -I. -MD -fno-omit-frame-pointer -Wall -Wno-format -Wno-unused -Werror -gstabs -m32 -fno-tree-ch -fno-stack-protector -DJOS_KERNEL -gstabs -c -o obj/kern/sched.o kern/sched.c
echo + cc kern/syscall.c
mkdir -p obj/kern
gcc -pipe -nostdinc    -O1 -fno-builtin -I. -MD -fno-omit-frame-pointer -Wall -Wno-format -Wno-unused -Werror -gstabs -m32 -fno-tree-ch -fno-stack-protector -DJOS_KERNEL -gstabs -c -o obj/kern/syscall.o kern/syscall.c
echo + cc kern/kdebug.c
mkdir -p obj/kern
gcc -pipe -nostdinc    -O1 -fno-builtin -I. -MD -fno-omit-frame-pointer -Wall -Wno-format -Wno-unused -Werror -gstabs -m32 -fno-tree-ch -fno-stack-protector -DJOS_KERNEL -gstabs -c -o obj/kern/kdebug.o kern/kdebug.c
echo + cc lib/printfmt.c
mkdir -p obj/kern
gcc -pipe -nostdinc    -O1 -fno-builtin -I. -MD -fno-omit-frame-pointer -Wall -Wno-format -Wno-unused -Werror -gstabs -m32 -fno-tree-ch -fno-stack-protector -DJOS_KERNEL -gstabs -c -o obj/kern/printfmt.o lib/printfmt.c
echo + cc lib/readline.c
mkdir -p obj/kern
gcc -pipe -nostdinc    -O1 -fno-builtin -I. -MD -fno-omit-frame-pointer -Wall -Wno-format -Wno-unused -Werror -gstabs -m32 -fno-tree-ch -fno-stack-protector -DJOS_KERNEL -gstabs -c -o obj/kern/readline.o lib/readline.c
echo + cc lib/string.c
mkdir -p obj/kern
gcc -pipe -nostdinc    -O1 -fno-builtin -I. -MD -fno-omit-frame-pointer -Wall -Wno-format -Wno-unused -Werror -gstabs -m32 -fno-tree-ch -fno-stack-protector -DJOS_KERNEL -gstabs -c -o obj/kern/string.o lib/string.c
echo + as kern/mpentry.S
mkdir -p obj/kern
gcc -pipe -nostdinc    -O1 -fno-builtin -I. -MD -fno-omit-frame-pointer -Wall -Wno-format -Wno-unused -Werror -gstabs -m32 -fno-tree-ch -fno-stack-protector -DJOS_KERNEL -gstabs -c -o obj/kern/mpentry.o kern/mpentry.S
echo + cc kern/mpconfig.c
mkdir -p obj/kern
gcc -pipe -nostdinc    -O1 -fno-builtin -I. -MD -fno-omit-frame-pointer -Wall -Wno-format -Wno-unused -Werror -gstabs -m32 -fno-tree-ch -fno-stack-protector -DJOS_KERNEL -gstabs -c -o obj/kern/mpconfig.o kern/mpconfig.c
echo + cc kern/lapic.c
mkdir -p obj/kern
gcc -pipe -nostdinc    -O1 -fno-builtin -I. -MD -fno-omit-frame-pointer -Wall -Wno-format -Wno-unused -Werror -gstabs -m32 -fno-tree-ch -fno-stack-protector -DJOS_KERNEL -gstabs -c -o obj/kern/lapic.o kern/lapic.c
echo + cc kern/spinlock.c
mkdir -p obj/kern
gcc -pipe -nostdinc    -O1 -fno-builtin -I. -MD -fno-omit-frame-pointer -Wall -Wno-format -Wno-unused -Werror -gstabs -m32 -fno-tree-ch -fno-stack-protector -DJOS_KERNEL -gstabs -c -o obj/kern/spinlock.o kern/spinlock.c
echo "   -O1 -fno-builtin -I. -MD -fno-omit-frame-pointer -Wall -Wno-format -Wno-unused -Werror -gstabs -m32 -fno-tree-ch -fno-stack-protector -DJOS_USER -gstabs" | cmp -s obj/.vars.USER_CFLAGS || echo "   -O1 -fno-builtin -I. -MD -fno-omit-frame-pointer -Wall -Wno-format -Wno-unused -Werror -gstabs -m32 -fno-tree-ch -fno-stack-protector -DJOS_USER -gstabs" > obj/.vars.USER_CFLAGS
echo + cc[USER] user/hello.c
mkdir -p obj/user
gcc -pipe -nostdinc    -O1 -fno-builtin -I. -MD -fno-omit-frame-pointer -Wall -Wno-format -Wno-unused -Werror -gstabs -m32 -fno-tree-ch -fno-stack-protector -DJOS_USER -gstabs -c -o obj/user/hello.o user/hello.c
echo + as[USER] lib/entry.S
mkdir -p obj/lib
gcc -pipe -nostdinc    -O1 -fno-builtin -I. -MD -fno-omit-frame-pointer -Wall -Wno-format -Wno-unused -Werror -gstabs -m32 -fno-tree-ch -fno-stack-protector -DJOS_USER -gstabs -c -o obj/lib/entry.o lib/entry.S
echo + cc[USER] lib/console.c
mkdir -p obj/lib
gcc -pipe -nostdinc    -O1 -fno-builtin -I. -MD -fno-omit-frame-pointer -Wall -Wno-format -Wno-unused -Werror -gstabs -m32 -fno-tree-ch -fno-stack-protector -DJOS_USER -gstabs -c -o obj/lib/console.o lib/console.c
echo + cc[USER] lib/libmain.c
mkdir -p obj/lib
gcc -pipe -nostdinc    -O1 -fno-builtin -I. -MD -fno-omit-frame-pointer -Wall -Wno-format -Wno-unused -Werror -gstabs -m32 -fno-tree-ch -fno-stack-protector -DJOS_USER -gstabs -c -o obj/lib/libmain.o lib/libmain.c
echo + cc[USER] lib/exit.c
mkdir -p obj/lib
gcc -pipe -nostdinc    -O1 -fno-builtin -I. -MD -fno-omit-frame-pointer -Wall -Wno-format -Wno-unused -Werror -gstabs -m32 -fno-tree-ch -fno-stack-protector -DJOS_USER -gstabs -c -o obj/lib/exit.o lib/exit.c
echo + cc[USER] lib/panic.c
mkdir -p obj/lib
gcc -pipe -nostdinc    -O1 -fno-builtin -I. -MD -fno-omit-frame-pointer -Wall -Wno-format -Wno-unused -Werror -gstabs -m32 -fno-tree-ch -fno-stack-protector -DJOS_USER -gstabs -c -o obj/lib/panic.o lib/panic.c
echo + cc[USER] lib/printf.c
mkdir -p obj/lib
gcc -pipe -nostdinc    -O1 -fno-builtin -I. -MD -fno-omit-frame-pointer -Wall -Wno-format -Wno-unused -Werror -gstabs -m32 -fno-tree-ch -fno-stack-protector -DJOS_USER -gstabs -c -o obj/lib/printf.o lib/printf.c
echo + cc[USER] lib/printfmt.c
mkdir -p obj/lib
gcc -pipe -nostdinc    -O1 -fno-builtin -I. -MD -fno-omit-frame-pointer -Wall -Wno-format -Wno-unused -Werror -gstabs -m32 -fno-tree-ch -fno-stack-protector -DJOS_USER -gstabs -c -o obj/lib/printfmt.o lib/printfmt.c
echo + cc[USER] lib/readline.c
mkdir -p obj/lib
gcc -pipe -nostdinc    -O1 -fno-builtin -I. -MD -fno-omit-frame-pointer -Wall -Wno-format -Wno-unused -Werror -gstabs -m32 -fno-tree-ch -fno-stack-protector -DJOS_USER -gstabs -c -o obj/lib/readline.o lib/readline.c
echo + cc[USER] lib/string.c
mkdir -p obj/lib
gcc -pipe -nostdinc    -O1 -fno-builtin -I. -MD -fno-omit-frame-pointer -Wall -Wno-format -Wno-unused -Werror -gstabs -m32 -fno-tree-ch -fno-stack-protector -DJOS_USER -gstabs -c -o obj/lib/string.o lib/string.c
echo + cc[USER] lib/syscall.c
mkdir -p obj/lib
gcc -pipe -nostdinc    -O1 -fno-builtin -I. -MD -fno-omit-frame-pointer -Wall -Wno-format -Wno-unused -Werror -gstabs -m32 -fno-tree-ch -fno-stack-protector -DJOS_USER -gstabs -c -o obj/lib/syscall.o lib/syscall.c
echo + cc[USER] lib/pgfault.c
mkdir -p obj/lib
gcc -pipe -nostdinc    -O1 -fno-builtin -I. -MD -fno-omit-frame-pointer -Wall -Wno-format -Wno-unused -Werror -gstabs -m32 -fno-tree-ch -fno-stack-protector -DJOS_USER -gstabs -c -o obj/lib/pgfault.o lib/pgfault.c
echo + as[USER] lib/pfentry.S
mkdir -p obj/lib
gcc -pipe -nostdinc    -O1 -fno-builtin -I. -MD -fno-omit-frame-pointer -Wall -Wno-format -Wno-unused -Werror -gstabs -m32 -fno-tree-ch -fno-stack-protector -DJOS_USER -gstabs -c -o obj/lib/pfentry.o lib/pfentry.S
echo + cc[USER] lib/fork.c
mkdir -p obj/lib
gcc -pipe -nostdinc    -O1 -fno-builtin -I. -MD -fno-omit-frame-pointer -Wall -Wno-format -Wno-unused -Werror -gstabs -m32 -fno-tree-ch -fno-stack-protector -DJOS_USER -gstabs -c -o obj/lib/fork.o lib/fork.c
echo + cc[USER] lib/ipc.c
mkdir -p obj/lib
gcc -pipe -nostdinc    -O1 -fno-builtin -I. -MD -fno-omit-frame-pointer -Wall -Wno-format -Wno-unused -Werror -gstabs -m32 -fno-tree-ch -fno-stack-protector -DJOS_USER -gstabs -c -o obj/lib/ipc.o lib/ipc.c
echo + ar obj/lib/libjos.a
ar r obj/lib/libjos.a obj/lib/console.o obj/lib/libmain.o obj/lib/exit.o obj/lib/panic.o obj/lib/printf.o obj/lib/printfmt.o obj/lib/readline.o obj/lib/string.o obj/lib/syscall.o obj/lib/pgfault.o  obj/lib/pfentry.o obj/lib/fork.o obj/lib/ipc.o
echo + ld obj/user/hello
ld -o obj/user/hello -T user/user.ld -m elf_i386 -nostdlib obj/lib/entry.o obj/user/hello.o -Lobj/lib -ljos /usr/lib/gcc/i686-linux-gnu/4.8/libgcc.a
objdump -S obj/user/hello > obj/user/hello.asm
nm -n obj/user/hello > obj/user/hello.sym
echo + cc[USER] user/buggyhello.c
mkdir -p obj/user
gcc -pipe -nostdinc    -O1 -fno-builtin -I. -MD -fno-omit-frame-pointer -Wall -Wno-format -Wno-unused -Werror -gstabs -m32 -fno-tree-ch -fno-stack-protector -DJOS_USER -gstabs -c -o obj/user/buggyhello.o user/buggyhello.c
echo + ld obj/user/buggyhello
ld -o obj/user/buggyhello -T user/user.ld -m elf_i386 -nostdlib obj/lib/entry.o obj/user/buggyhello.o -Lobj/lib -ljos /usr/lib/gcc/i686-linux-gnu/4.8/libgcc.a
objdump -S obj/user/buggyhello > obj/user/buggyhello.asm
nm -n obj/user/buggyhello > obj/user/buggyhello.sym
echo + cc[USER] user/buggyhello2.c
mkdir -p obj/user
gcc -pipe -nostdinc    -O1 -fno-builtin -I. -MD -fno-omit-frame-pointer -Wall -Wno-format -Wno-unused -Werror -gstabs -m32 -fno-tree-ch -fno-stack-protector -DJOS_USER -gstabs -c -o obj/user/buggyhello2.o user/buggyhello2.c
echo + ld obj/user/buggyhello2
ld -o obj/user/buggyhello2 -T user/user.ld -m elf_i386 -nostdlib obj/lib/entry.o obj/user/buggyhello2.o -Lobj/lib -ljos /usr/lib/gcc/i686-linux-gnu/4.8/libgcc.a
objdump -S obj/user/buggyhello2 > obj/user/buggyhello2.asm
nm -n obj/user/buggyhello2 > obj/user/buggyhello2.sym
echo + cc[USER] user/evilhello.c
mkdir -p obj/user
gcc -pipe -nostdinc    -O1 -fno-builtin -I. -MD -fno-omit-frame-pointer -Wall -Wno-format -Wno-unused -Werror -gstabs -m32 -fno-tree-ch -fno-stack-protector -DJOS_USER -gstabs -c -o obj/user/evilhello.o user/evilhello.c
echo + ld obj/user/evilhello
ld -o obj/user/evilhello -T user/user.ld -m elf_i386 -nostdlib obj/lib/entry.o obj/user/evilhello.o -Lobj/lib -ljos /usr/lib/gcc/i686-linux-gnu/4.8/libgcc.a
objdump -S obj/user/evilhello > obj/user/evilhello.asm
nm -n obj/user/evilhello > obj/user/evilhello.sym
echo + cc[USER] user/testbss.c
mkdir -p obj/user
gcc -pipe -nostdinc    -O1 -fno-builtin -I. -MD -fno-omit-frame-pointer -Wall -Wno-format -Wno-unused -Werror -gstabs -m32 -fno-tree-ch -fno-stack-protector -DJOS_USER -gstabs -c -o obj/user/testbss.o user/testbss.c
echo + ld obj/user/testbss
ld -o obj/user/testbss -T user/user.ld -m elf_i386 -nostdlib obj/lib/entry.o obj/user/testbss.o -Lobj/lib -ljos /usr/lib/gcc/i686-linux-gnu/4.8/libgcc.a
objdump -S obj/user/testbss > obj/user/testbss.asm
nm -n obj/user/testbss > obj/user/testbss.sym
echo + cc[USER] user/divzero.c
mkdir -p obj/user
gcc -pipe -nostdinc    -O1 -fno-builtin -I. -MD -fno-omit-frame-pointer -Wall -Wno-format -Wno-unused -Werror -gstabs -m32 -fno-tree-ch -fno-stack-protector -DJOS_USER -gstabs -c -o obj/user/divzero.o user/divzero.c
echo + ld obj/user/divzero
ld -o obj/user/divzero -T user/user.ld -m elf_i386 -nostdlib obj/lib/entry.o obj/user/divzero.o -Lobj/lib -ljos /usr/lib/gcc/i686-linux-gnu/4.8/libgcc.a
objdump -S obj/user/divzero > obj/user/divzero.asm
nm -n obj/user/divzero > obj/user/divzero.sym
echo + cc[USER] user/breakpoint.c
mkdir -p obj/user
gcc -pipe -nostdinc    -O1 -fno-builtin -I. -MD -fno-omit-frame-pointer -Wall -Wno-format -Wno-unused -Werror -gstabs -m32 -fno-tree-ch -fno-stack-protector -DJOS_USER -gstabs -c -o obj/user/breakpoint.o user/breakpoint.c
echo + ld obj/user/breakpoint
ld -o obj/user/breakpoint -T user/user.ld -m elf_i386 -nostdlib obj/lib/entry.o obj/user/breakpoint.o -Lobj/lib -ljos /usr/lib/gcc/i686-linux-gnu/4.8/libgcc.a
objdump -S obj/user/breakpoint > obj/user/breakpoint.asm
nm -n obj/user/breakpoint > obj/user/breakpoint.sym
echo + cc[USER] user/softint.c
mkdir -p obj/user
gcc -pipe -nostdinc    -O1 -fno-builtin -I. -MD -fno-omit-frame-pointer -Wall -Wno-format -Wno-unused -Werror -gstabs -m32 -fno-tree-ch -fno-stack-protector -DJOS_USER -gstabs -c -o obj/user/softint.o user/softint.c
echo + ld obj/user/softint
ld -o obj/user/softint -T user/user.ld -m elf_i386 -nostdlib obj/lib/entry.o obj/user/softint.o -Lobj/lib -ljos /usr/lib/gcc/i686-linux-gnu/4.8/libgcc.a
objdump -S obj/user/softint > obj/user/softint.asm
nm -n obj/user/softint > obj/user/softint.sym
echo + cc[USER] user/badsegment.c
mkdir -p obj/user
gcc -pipe -nostdinc    -O1 -fno-builtin -I. -MD -fno-omit-frame-pointer -Wall -Wno-format -Wno-unused -Werror -gstabs -m32 -fno-tree-ch -fno-stack-protector -DJOS_USER -gstabs -c -o obj/user/badsegment.o user/badsegment.c
echo + ld obj/user/badsegment
ld -o obj/user/badsegment -T user/user.ld -m elf_i386 -nostdlib obj/lib/entry.o obj/user/badsegment.o -Lobj/lib -ljos /usr/lib/gcc/i686-linux-gnu/4.8/libgcc.a
objdump -S obj/user/badsegment > obj/user/badsegment.asm
nm -n obj/user/badsegment > obj/user/badsegment.sym
echo + cc[USER] user/faultread.c
mkdir -p obj/user
gcc -pipe -nostdinc    -O1 -fno-builtin -I. -MD -fno-omit-frame-pointer -Wall -Wno-format -Wno-unused -Werror -gstabs -m32 -fno-tree-ch -fno-stack-protector -DJOS_USER -gstabs -c -o obj/user/faultread.o user/faultread.c
echo + ld obj/user/faultread
ld -o obj/user/faultread -T user/user.ld -m elf_i386 -nostdlib obj/lib/entry.o obj/user/faultread.o -Lobj/lib -ljos /usr/lib/gcc/i686-linux-gnu/4.8/libgcc.a
objdump -S obj/user/faultread > obj/user/faultread.asm
nm -n obj/user/faultread > obj/user/faultread.sym
echo + cc[USER] user/faultreadkernel.c
mkdir -p obj/user
gcc -pipe -nostdinc    -O1 -fno-builtin -I. -MD -fno-omit-frame-pointer -Wall -Wno-format -Wno-unused -Werror -gstabs -m32 -fno-tree-ch -fno-stack-protector -DJOS_USER -gstabs -c -o obj/user/faultreadkernel.o user/faultreadkernel.c
echo + ld obj/user/faultreadkernel
ld -o obj/user/faultreadkernel -T user/user.ld -m elf_i386 -nostdlib obj/lib/entry.o obj/user/faultreadkernel.o -Lobj/lib -ljos /usr/lib/gcc/i686-linux-gnu/4.8/libgcc.a
objdump -S obj/user/faultreadkernel > obj/user/faultreadkernel.asm
nm -n obj/user/faultreadkernel > obj/user/faultreadkernel.sym
echo + cc[USER] user/faultwrite.c
mkdir -p obj/user
gcc -pipe -nostdinc    -O1 -fno-builtin -I. -MD -fno-omit-frame-pointer -Wall -Wno-format -Wno-unused -Werror -gstabs -m32 -fno-tree-ch -fno-stack-protector -DJOS_USER -gstabs -c -o obj/user/faultwrite.o user/faultwrite.c
echo + ld obj/user/faultwrite
ld -o obj/user/faultwrite -T user/user.ld -m elf_i386 -nostdlib obj/lib/entry.o obj/user/faultwrite.o -Lobj/lib -ljos /usr/lib/gcc/i686-linux-gnu/4.8/libgcc.a
objdump -S obj/user/faultwrite > obj/user/faultwrite.asm
nm -n obj/user/faultwrite > obj/user/faultwrite.sym
echo + cc[USER] user/faultwritekernel.c
mkdir -p obj/user
gcc -pipe -nostdinc    -O1 -fno-builtin -I. -MD -fno-omit-frame-pointer -Wall -Wno-format -Wno-unused -Werror -gstabs -m32 -fno-tree-ch -fno-stack-protector -DJOS_USER -gstabs -c -o obj/user/faultwritekernel.o user/faultwritekernel.c
echo + ld obj/user/faultwritekernel
ld -o obj/user/faultwritekernel -T user/user.ld -m elf_i386 -nostdlib obj/lib/entry.o obj/user/faultwritekernel.o -Lobj/lib -ljos /usr/lib/gcc/i686-linux-gnu/4.8/libgcc.a
objdump -S obj/user/faultwritekernel > obj/user/faultwritekernel.asm
nm -n obj/user/faultwritekernel > obj/user/faultwritekernel.sym
echo + cc[USER] user/stepIntoTest.c
mkdir -p obj/user
gcc -pipe -nostdinc    -O1 -fno-builtin -I. -MD -fno-omit-frame-pointer -Wall -Wno-format -Wno-unused -Werror -gstabs -m32 -fno-tree-ch -fno-stack-protector -DJOS_USER -gstabs -c -o obj/user/stepIntoTest.o user/stepIntoTest.c
echo + ld obj/user/stepIntoTest
ld -o obj/user/stepIntoTest -T user/user.ld -m elf_i386 -nostdlib obj/lib/entry.o obj/user/stepIntoTest.o -Lobj/lib -ljos /usr/lib/gcc/i686-linux-gnu/4.8/libgcc.a
objdump -S obj/user/stepIntoTest > obj/user/stepIntoTest.asm
nm -n obj/user/stepIntoTest > obj/user/stepIntoTest.sym
echo + cc[USER] user/continueTest.c
mkdir -p obj/user
gcc -pipe -nostdinc    -O1 -fno-builtin -I. -MD -fno-omit-frame-pointer -Wall -Wno-format -Wno-unused -Werror -gstabs -m32 -fno-tree-ch -fno-stack-protector -DJOS_USER -gstabs -c -o obj/user/continueTest.o user/continueTest.c
echo + ld obj/user/continueTest
ld -o obj/user/continueTest -T user/user.ld -m elf_i386 -nostdlib obj/lib/entry.o obj/user/continueTest.o -Lobj/lib -ljos /usr/lib/gcc/i686-linux-gnu/4.8/libgcc.a
objdump -S obj/user/continueTest > obj/user/continueTest.asm
nm -n obj/user/continueTest > obj/user/continueTest.sym
echo + cc[USER] user/idle.c
mkdir -p obj/user
gcc -pipe -nostdinc    -O1 -fno-builtin -I. -MD -fno-omit-frame-pointer -Wall -Wno-format -Wno-unused -Werror -gstabs -m32 -fno-tree-ch -fno-stack-protector -DJOS_USER -gstabs -c -o obj/user/idle.o user/idle.c
echo + ld obj/user/idle
ld -o obj/user/idle -T user/user.ld -m elf_i386 -nostdlib obj/lib/entry.o obj/user/idle.o -Lobj/lib -ljos /usr/lib/gcc/i686-linux-gnu/4.8/libgcc.a
objdump -S obj/user/idle > obj/user/idle.asm
nm -n obj/user/idle > obj/user/idle.sym
echo + cc[USER] user/yield.c
mkdir -p obj/user
gcc -pipe -nostdinc    -O1 -fno-builtin -I. -MD -fno-omit-frame-pointer -Wall -Wno-format -Wno-unused -Werror -gstabs -m32 -fno-tree-ch -fno-stack-protector -DJOS_USER -gstabs -c -o obj/user/yield.o user/yield.c
echo + ld obj/user/yield
ld -o obj/user/yield -T user/user.ld -m elf_i386 -nostdlib obj/lib/entry.o obj/user/yield.o -Lobj/lib -ljos /usr/lib/gcc/i686-linux-gnu/4.8/libgcc.a
objdump -S obj/user/yield > obj/user/yield.asm
nm -n obj/user/yield > obj/user/yield.sym
echo + cc[USER] user/dumbfork.c
mkdir -p obj/user
gcc -pipe -nostdinc    -O1 -fno-builtin -I. -MD -fno-omit-frame-pointer -Wall -Wno-format -Wno-unused -Werror -gstabs -m32 -fno-tree-ch -fno-stack-protector -DJOS_USER -gstabs -c -o obj/user/dumbfork.o user/dumbfork.c
echo + ld obj/user/dumbfork
ld -o obj/user/dumbfork -T user/user.ld -m elf_i386 -nostdlib obj/lib/entry.o obj/user/dumbfork.o -Lobj/lib -ljos /usr/lib/gcc/i686-linux-gnu/4.8/libgcc.a
objdump -S obj/user/dumbfork > obj/user/dumbfork.asm
nm -n obj/user/dumbfork > obj/user/dumbfork.sym
echo + cc[USER] user/stresssched.c
mkdir -p obj/user
gcc -pipe -nostdinc    -O1 -fno-builtin -I. -MD -fno-omit-frame-pointer -Wall -Wno-format -Wno-unused -Werror -gstabs -m32 -fno-tree-ch -fno-stack-protector -DJOS_USER -gstabs -c -o obj/user/stresssched.o user/stresssched.c
echo + ld obj/user/stresssched
ld -o obj/user/stresssched -T user/user.ld -m elf_i386 -nostdlib obj/lib/entry.o obj/user/stresssched.o -Lobj/lib -ljos /usr/lib/gcc/i686-linux-gnu/4.8/libgcc.a
objdump -S obj/user/stresssched > obj/user/stresssched.asm
nm -n obj/user/stresssched > obj/user/stresssched.sym
echo + cc[USER] user/faultdie.c
mkdir -p obj/user
gcc -pipe -nostdinc    -O1 -fno-builtin -I. -MD -fno-omit-frame-pointer -Wall -Wno-format -Wno-unused -Werror -gstabs -m32 -fno-tree-ch -fno-stack-protector -DJOS_USER -gstabs -c -o obj/user/faultdie.o user/faultdie.c
echo + ld obj/user/faultdie
ld -o obj/user/faultdie -T user/user.ld -m elf_i386 -nostdlib obj/lib/entry.o obj/user/faultdie.o -Lobj/lib -ljos /usr/lib/gcc/i686-linux-gnu/4.8/libgcc.a
objdump -S obj/user/faultdie > obj/user/faultdie.asm
nm -n obj/user/faultdie > obj/user/faultdie.sym
echo + cc[USER] user/faultregs.c
mkdir -p obj/user
gcc -pipe -nostdinc    -O1 -fno-builtin -I. -MD -fno-omit-frame-pointer -Wall -Wno-format -Wno-unused -Werror -gstabs -m32 -fno-tree-ch -fno-stack-protector -DJOS_USER -gstabs -c -o obj/user/faultregs.o user/faultregs.c
echo + ld obj/user/faultregs
ld -o obj/user/faultregs -T user/user.ld -m elf_i386 -nostdlib obj/lib/entry.o obj/user/faultregs.o -Lobj/lib -ljos /usr/lib/gcc/i686-linux-gnu/4.8/libgcc.a
objdump -S obj/user/faultregs > obj/user/faultregs.asm
nm -n obj/user/faultregs > obj/user/faultregs.sym
echo + cc[USER] user/faultalloc.c
mkdir -p obj/user
gcc -pipe -nostdinc    -O1 -fno-builtin -I. -MD -fno-omit-frame-pointer -Wall -Wno-format -Wno-unused -Werror -gstabs -m32 -fno-tree-ch -fno-stack-protector -DJOS_USER -gstabs -c -o obj/user/faultalloc.o user/faultalloc.c
echo + ld obj/user/faultalloc
ld -o obj/user/faultalloc -T user/user.ld -m elf_i386 -nostdlib obj/lib/entry.o obj/user/faultalloc.o -Lobj/lib -ljos /usr/lib/gcc/i686-linux-gnu/4.8/libgcc.a
objdump -S obj/user/faultalloc > obj/user/faultalloc.asm
nm -n obj/user/faultalloc > obj/user/faultalloc.sym
echo + cc[USER] user/faultallocbad.c
mkdir -p obj/user
gcc -pipe -nostdinc    -O1 -fno-builtin -I. -MD -fno-omit-frame-pointer -Wall -Wno-format -Wno-unused -Werror -gstabs -m32 -fno-tree-ch -fno-stack-protector -DJOS_USER -gstabs -c -o obj/user/faultallocbad.o user/faultallocbad.c
echo + ld obj/user/faultallocbad
ld -o obj/user/faultallocbad -T user/user.ld -m elf_i386 -nostdlib obj/lib/entry.o obj/user/faultallocbad.o -Lobj/lib -ljos /usr/lib/gcc/i686-linux-gnu/4.8/libgcc.a
objdump -S obj/user/faultallocbad > obj/user/faultallocbad.asm
nm -n obj/user/faultallocbad > obj/user/faultallocbad.sym
echo + cc[USER] user/faultnostack.c
mkdir -p obj/user
gcc -pipe -nostdinc    -O1 -fno-builtin -I. -MD -fno-omit-frame-pointer -Wall -Wno-format -Wno-unused -Werror -gstabs -m32 -fno-tree-ch -fno-stack-protector -DJOS_USER -gstabs -c -o obj/user/faultnostack.o user/faultnostack.c
echo + ld obj/user/faultnostack
ld -o obj/user/faultnostack -T user/user.ld -m elf_i386 -nostdlib obj/lib/entry.o obj/user/faultnostack.o -Lobj/lib -ljos /usr/lib/gcc/i686-linux-gnu/4.8/libgcc.a
objdump -S obj/user/faultnostack > obj/user/faultnostack.asm
nm -n obj/user/faultnostack > obj/user/faultnostack.sym
echo + cc[USER] user/faultbadhandler.c
mkdir -p obj/user
gcc -pipe -nostdinc    -O1 -fno-builtin -I. -MD -fno-omit-frame-pointer -Wall -Wno-format -Wno-unused -Werror -gstabs -m32 -fno-tree-ch -fno-stack-protector -DJOS_USER -gstabs -c -o obj/user/faultbadhandler.o user/faultbadhandler.c
echo + ld obj/user/faultbadhandler
ld -o obj/user/faultbadhandler -T user/user.ld -m elf_i386 -nostdlib obj/lib/entry.o obj/user/faultbadhandler.o -Lobj/lib -ljos /usr/lib/gcc/i686-linux-gnu/4.8/libgcc.a
objdump -S obj/user/faultbadhandler > obj/user/faultbadhandler.asm
nm -n obj/user/faultbadhandler > obj/user/faultbadhandler.sym
echo + cc[USER] user/faultevilhandler.c
mkdir -p obj/user
gcc -pipe -nostdinc    -O1 -fno-builtin -I. -MD -fno-omit-frame-pointer -Wall -Wno-format -Wno-unused -Werror -gstabs -m32 -fno-tree-ch -fno-stack-protector -DJOS_USER -gstabs -c -o obj/user/faultevilhandler.o user/faultevilhandler.c
echo + ld obj/user/faultevilhandler
ld -o obj/user/faultevilhandler -T user/user.ld -m elf_i386 -nostdlib obj/lib/entry.o obj/user/faultevilhandler.o -Lobj/lib -ljos /usr/lib/gcc/i686-linux-gnu/4.8/libgcc.a
objdump -S obj/user/faultevilhandler > obj/user/faultevilhandler.asm
nm -n obj/user/faultevilhandler > obj/user/faultevilhandler.sym
echo + cc[USER] user/forktree.c
mkdir -p obj/user
gcc -pipe -nostdinc    -O1 -fno-builtin -I. -MD -fno-omit-frame-pointer -Wall -Wno-format -Wno-unused -Werror -gstabs -m32 -fno-tree-ch -fno-stack-protector -DJOS_USER -gstabs -c -o obj/user/forktree.o user/forktree.c
echo + ld obj/user/forktree
ld -o obj/user/forktree -T user/user.ld -m elf_i386 -nostdlib obj/lib/entry.o obj/user/forktree.o -Lobj/lib -ljos /usr/lib/gcc/i686-linux-gnu/4.8/libgcc.a
objdump -S obj/user/forktree > obj/user/forktree.asm
nm -n obj/user/forktree > obj/user/forktree.sym
echo + cc[USER] user/sendpage.c
mkdir -p obj/user
gcc -pipe -nostdinc    -O1 -fno-builtin -I. -MD -fno-omit-frame-pointer -Wall -Wno-format -Wno-unused -Werror -gstabs -m32 -fno-tree-ch -fno-stack-protector -DJOS_USER -gstabs -c -o obj/user/sendpage.o user/sendpage.c
echo + ld obj/user/sendpage
ld -o obj/user/sendpage -T user/user.ld -m elf_i386 -nostdlib obj/lib/entry.o obj/user/sendpage.o -Lobj/lib -ljos /usr/lib/gcc/i686-linux-gnu/4.8/libgcc.a
objdump -S obj/user/sendpage > obj/user/sendpage.asm
nm -n obj/user/sendpage > obj/user/sendpage.sym
echo + cc[USER] user/spin.c
mkdir -p obj/user
gcc -pipe -nostdinc    -O1 -fno-builtin -I. -MD -fno-omit-frame-pointer -Wall -Wno-format -Wno-unused -Werror -gstabs -m32 -fno-tree-ch -fno-stack-protector -DJOS_USER -gstabs -c -o obj/user/spin.o user/spin.c
echo + ld obj/user/spin
ld -o obj/user/spin -T user/user.ld -m elf_i386 -nostdlib obj/lib/entry.o obj/user/spin.o -Lobj/lib -ljos /usr/lib/gcc/i686-linux-gnu/4.8/libgcc.a
objdump -S obj/user/spin > obj/user/spin.asm
nm -n obj/user/spin > obj/user/spin.sym
echo + cc[USER] user/fairness.c
mkdir -p obj/user
gcc -pipe -nostdinc    -O1 -fno-builtin -I. -MD -fno-omit-frame-pointer -Wall -Wno-format -Wno-unused -Werror -gstabs -m32 -fno-tree-ch -fno-stack-protector -DJOS_USER -gstabs -c -o obj/user/fairness.o user/fairness.c
echo + ld obj/user/fairness
ld -o obj/user/fairness -T user/user.ld -m elf_i386 -nostdlib obj/lib/entry.o obj/user/fairness.o -Lobj/lib -ljos /usr/lib/gcc/i686-linux-gnu/4.8/libgcc.a
objdump -S obj/user/fairness > obj/user/fairness.asm
nm -n obj/user/fairness > obj/user/fairness.sym
echo + cc[USER] user/pingpong.c
mkdir -p obj/user
gcc -pipe -nostdinc    -O1 -fno-builtin -I. -MD -fno-omit-frame-pointer -Wall -Wno-format -Wno-unused -Werror -gstabs -m32 -fno-tree-ch -fno-stack-protector -DJOS_USER -gstabs -c -o obj/user/pingpong.o user/pingpong.c
echo + ld obj/user/pingpong
ld -o obj/user/pingpong -T user/user.ld -m elf_i386 -nostdlib obj/lib/entry.o obj/user/pingpong.o -Lobj/lib -ljos /usr/lib/gcc/i686-linux-gnu/4.8/libgcc.a
objdump -S obj/user/pingpong > obj/user/pingpong.asm
nm -n obj/user/pingpong > obj/user/pingpong.sym
echo + cc[USER] user/pingpongs.c
mkdir -p obj/user
gcc -pipe -nostdinc    -O1 -fno-builtin -I. -MD -fno-omit-frame-pointer -Wall -Wno-format -Wno-unused -Werror -gstabs -m32 -fno-tree-ch -fno-stack-protector -DJOS_USER -gstabs -c -o obj/user/pingpongs.o user/pingpongs.c
echo + ld obj/user/pingpongs
ld -o obj/user/pingpongs -T user/user.ld -m elf_i386 -nostdlib obj/lib/entry.o obj/user/pingpongs.o -Lobj/lib -ljos /usr/lib/gcc/i686-linux-gnu/4.8/libgcc.a
objdump -S obj/user/pingpongs > obj/user/pingpongs.asm
nm -n obj/user/pingpongs > obj/user/pingpongs.sym
echo + cc[USER] user/primes.c
mkdir -p obj/user
gcc -pipe -nostdinc    -O1 -fno-builtin -I. -MD -fno-omit-frame-pointer -Wall -Wno-format -Wno-unused -Werror -gstabs -m32 -fno-tree-ch -fno-stack-protector -DJOS_USER -gstabs -c -o obj/user/primes.o user/primes.c
echo + ld obj/user/primes
ld -o obj/user/primes -T user/user.ld -m elf_i386 -nostdlib obj/lib/entry.o obj/user/primes.o -Lobj/lib -ljos /usr/lib/gcc/i686-linux-gnu/4.8/libgcc.a
objdump -S obj/user/primes > obj/user/primes.asm
nm -n obj/user/primes > obj/user/primes.sym
echo "-m elf_i386 -T kern/kernel.ld -nostdlib" | cmp -s obj/.vars.KERN_LDFLAGS || echo "-m elf_i386 -T kern/kernel.ld -nostdlib" > obj/.vars.KERN_LDFLAGS
echo + ld obj/kern/kernel
ld -o obj/kern/kernel -m elf_i386 -T kern/kernel.ld -nostdlib obj/kern/entry.o obj/kern/entrypgdir.o obj/kern/init.o obj/kern/console.o obj/kern/monitor.o obj/kern/pmap.o obj/kern/env.o obj/kern/kclock.o obj/kern/picirq.o obj/kern/printf.o obj/kern/trap.o obj/kern/trapentry.o obj/kern/sched.o obj/kern/syscall.o obj/kern/kdebug.o  obj/kern/printfmt.o  obj/kern/readline.o  obj/kern/string.o obj/kern/mpentry.o obj/kern/mpconfig.o obj/kern/lapic.o obj/kern/spinlock.o /usr/lib/gcc/i686-linux-gnu/4.8/libgcc.a -b binary  obj/user/hello  obj/user/buggyhello  obj/user/buggyhello2  obj/user/evilhello  obj/user/testbss  obj/user/divzero  obj/user/breakpoint  obj/user/softint  obj/user/badsegment  obj/user/faultread  obj/user/faultreadkernel  obj/user/faultwrite  obj/user/faultwritekernel  obj/user/stepIntoTest  obj/user/continueTest  obj/user/idle  obj/user/yield  obj/user/dumbfork  obj/user/stresssched  obj/user/faultdie  obj/user/faultregs  obj/user/faultalloc  obj/user/faultallocbad  obj/user/faultnostack  obj/user/faultbadhandler  obj/user/faultevilhandler  obj/user/forktree  obj/user/sendpage  obj/user/spin  obj/user/fairness  obj/user/pingpong  obj/user/pingpongs  obj/user/primes
objdump -S obj/kern/kernel > obj/kern/kernel.asm
nm -n obj/kern/kernel > obj/kern/kernel.sym
echo + as boot/boot.S
mkdir -p obj/boot
gcc -pipe -nostdinc    -O1 -fno-builtin -I. -MD -fno-omit-frame-pointer -Wall -Wno-format -Wno-unused -Werror -gstabs -m32 -fno-tree-ch -fno-stack-protector -DJOS_KERNEL -gstabs -c -o obj/boot/boot.o boot/boot.S
echo + cc -Os boot/main.c
gcc -pipe -nostdinc    -O1 -fno-builtin -I. -MD -fno-omit-frame-pointer -Wall -Wno-format -Wno-unused -Werror -gstabs -m32 -fno-tree-ch -fno-stack-protector -DJOS_KERNEL -gstabs -Os -c -o obj/boot/main.o boot/main.c
echo + ld boot/boot
ld -m elf_i386 -N -e start -Ttext 0x7C00 -o obj/boot/boot.out obj/boot/boot.o obj/boot/main.o
objdump -S obj/boot/boot.out >obj/boot/boot.asm
objcopy -S -O binary -j .text obj/boot/boot.out obj/boot/boot
perl boot/sign.pl obj/boot/boot
echo + mk obj/kern/kernel.img
dd if=/dev/zero of=obj/kern/kernel.img~ count=10000 2>/dev/null
dd if=obj/boot/boot of=obj/kern/kernel.img~ conv=notrunc 2>/dev/null
dd if=obj/kern/kernel of=obj/kern/kernel.img~ seek=1 conv=notrunc 2>/dev/null
mv obj/kern/kernel.img~ obj/kern/kernel.img
make: Leaving directory `/home/nadavash/Desktop/OSE/lab'
 
